03/29/2021 03:56:03 AM - [DEBUG]: 
03/29/2021 03:56:03 AM - [DEBUG]: ////////////////////////////////////////////////////////////////////////////////////////////////////////////////////////
03/29/2021 03:56:03 AM - [DEBUG]: [ Loading Sound Resources ]:
03/29/2021 03:56:03 AM - [DEBUG]: ////////////////////////////////////////////////////////////////////////////////////////////////////////////////////////
03/29/2021 03:56:03 AM - [DEBUG]: 
03/29/2021 03:56:03 AM - [DEBUG]: Sound Type: Fx
03/29/2021 03:56:03 AM - [DEBUG]: ------------------------------------------------------------
03/29/2021 03:56:03 AM - [DEBUG]: Sound Sub Type: Fx
03/29/2021 03:56:03 AM - [DEBUG]: > resources/sound/fx/attacks/hit_cut.wav
03/29/2021 03:56:03 AM - [DEBUG]: > resources/sound/fx/attacks/hit_cut_boss.wav
03/29/2021 03:56:03 AM - [DEBUG]: > resources/sound/fx/attacks/block.wav
03/29/2021 03:56:03 AM - [DEBUG]: > resources/sound/fx/attacks/miss.wav
03/29/2021 03:56:03 AM - [DEBUG]: > resources/sound/fx/attacks/critical_hit.wav
03/29/2021 03:56:03 AM - [DEBUG]: > resources/sound/fx/attacks/ultimate.wav
03/29/2021 03:56:03 AM - [DEBUG]: Sound Sub Type: Fx
03/29/2021 03:56:03 AM - [DEBUG]: > resources/sound/fx/spells/lightning_spell.wav
03/29/2021 03:56:03 AM - [DEBUG]: > resources/sound/fx/spells/firestorm_spell.wav
03/29/2021 03:56:03 AM - [DEBUG]: > resources/sound/fx/spells/heal_spell.wav
03/29/2021 03:56:03 AM - [DEBUG]: Sound Sub Type: Fx
03/29/2021 03:56:03 AM - [DEBUG]: > resources/sound/fx/items/gold.wav
03/29/2021 03:56:03 AM - [DEBUG]: > resources/sound/fx/items/health_potion.wav
03/29/2021 03:56:03 AM - [DEBUG]: > resources/sound/fx/items/drink.wav
03/29/2021 03:56:03 AM - [DEBUG]: > resources/sound/fx/items/eat.wav
03/29/2021 03:56:03 AM - [DEBUG]: > resources/sound/fx/items/empty.wav
03/29/2021 03:56:03 AM - [DEBUG]: > resources/sound/fx/items/error.wav
03/29/2021 03:56:03 AM - [DEBUG]: > resources/sound/fx/items/drum_roll.wav
03/29/2021 03:56:03 AM - [DEBUG]: 
03/29/2021 03:56:03 AM - [DEBUG]: Sound Type: Music
03/29/2021 03:56:03 AM - [DEBUG]: ------------------------------------------------------------
03/29/2021 03:56:03 AM - [DEBUG]: Sound Sub Type: Music
03/29/2021 03:56:03 AM - [DEBUG]: > resources/sound/music/background/boss.mp3
03/29/2021 03:56:04 AM - [DEBUG]: > resources/sound/music/background/forest.mp3
03/29/2021 03:56:04 AM - [DEBUG]: > resources/sound/music/background/victory.mp3
03/29/2021 03:56:04 AM - [DEBUG]: > resources/sound/music/background/castle.mp3
03/29/2021 03:56:04 AM - [DEBUG]: > resources/sound/music/background/dungeon.mp3
03/29/2021 03:56:04 AM - [DEBUG]: 
03/29/2021 03:56:04 AM - [DEBUG]: Done
